<?xml version="1.0" encoding="UTF-8"?>
<!-- Generated by org.testng.reporters.JUnitReportReporter -->
<testsuite name="BetaTest.Test_Selenium_Grid_Firefox" tests="1" time="17.988" ignored="0" failures="0" timestamp="21 Oct 2017 13:28:07 GMT" skipped="0" hostname="HoaiQuang-PC" errors="0">
  <testcase name="Test_Selenium_Grid" time="17.988" classname="BetaTest.Test_Selenium_Grid_Firefox"/>
</testsuite> <!-- BetaTest.Test_Selenium_Grid_Firefox -->
