<?xml version="1.0" encoding="UTF-8"?>
<!-- Generated by org.testng.reporters.JUnitReportReporter -->
<testsuite name="ReleaseAlphaTest.CheckLogin" tests="1" time="16.410" ignored="0" failures="0" timestamp="15 Jul 2017 03:33:43 GMT" skipped="0" hostname="HoaiQuang-PC" errors="0">
  <testcase name="CheckStartApplication" time="16.410" classname="ReleaseAlphaTest.CheckLogin"/>
</testsuite> <!-- ReleaseAlphaTest.CheckLogin -->
